  stdafx.cpp
  Colocalization.cpp
  WARNING: detected 'min' and/or 'max' macros and undefined them;
  WARNING: you may wish to define NOMINMAX before including any windows header
D:\Desktop\DecodeSTORM\DecodeSTORM_CPPDLL\DecodeSTORM_CPPDLL\Colocalization.cpp(21,26): warning C4244: “=”: 从“const arma::uword”转换到“eT”，可能丢失数据
          with
          [
              eT=double
          ]
D:\Desktop\DecodeSTORM\DecodeSTORM_CPPDLL\DecodeSTORM_CPPDLL\Colocalization.cpp(42,61): warning C4244: “参数”: 从“arma::uword”转换到“const double”，可能丢失数据
D:\Desktop\DecodeSTORM\DecodeSTORM_CPPDLL\DecodeSTORM_CPPDLL\Colocalization.cpp(54,16): warning C4267: “=”: 从“size_t”转换到“int”，可能丢失数据
D:\Desktop\DecodeSTORM\DecodeSTORM_CPPDLL\DecodeSTORM_CPPDLL\Colocalization.cpp(55,16): warning C4267: “=”: 从“size_t”转换到“int”，可能丢失数据
D:\Desktop\DecodeSTORM\DecodeSTORM_CPPDLL\DecodeSTORM_CPPDLL\Colocalization.cpp(75,26): warning C4244: “参数”: 从“double”转换到“float”，可能丢失数据
D:\Desktop\DecodeSTORM\DecodeSTORM_CPPDLL\DecodeSTORM_CPPDLL\Colocalization.cpp(77,34): warning C4244: “=”: 从“unsigned __int64”转换到“_Ty”，可能丢失数据
          with
          [
              _Ty=double
          ]
D:\Desktop\DecodeSTORM\DecodeSTORM_CPPDLL\DecodeSTORM_CPPDLL\Colocalization.cpp(95,8): warning C4244: “初始化”: 从“arma::uword”转换到“int”，可能丢失数据
D:\Desktop\DecodeSTORM\DecodeSTORM_CPPDLL\DecodeSTORM_CPPDLL\Colocalization.cpp(179,45): warning C4244: “参数”: 从“float”转换到“const arma::uword”，可能丢失数据
D:\Desktop\DecodeSTORM\DecodeSTORM_CPPDLL\DecodeSTORM_CPPDLL\Colocalization.cpp(180,45): warning C4244: “参数”: 从“float”转换到“const arma::uword”，可能丢失数据
D:\Desktop\DecodeSTORM\DecodeSTORM_CPPDLL\DecodeSTORM_CPPDLL\Colocalization.cpp(181,45): warning C4244: “参数”: 从“float”转换到“const arma::uword”，可能丢失数据
D:\Desktop\DecodeSTORM\DecodeSTORM_CPPDLL\DecodeSTORM_CPPDLL\Colocalization.cpp(182,45): warning C4244: “参数”: 从“float”转换到“const arma::uword”，可能丢失数据
D:\Desktop\DecodeSTORM\DecodeSTORM_CPPDLL\DecodeSTORM_CPPDLL\Colocalization.cpp(252,25): warning C4244: “=”: 从“double”转换到“float”，可能丢失数据
D:\Desktop\DecodeSTORM\DecodeSTORM_CPPDLL\DecodeSTORM_CPPDLL\Colocalization.cpp(253,25): warning C4244: “=”: 从“double”转换到“float”，可能丢失数据
D:\Desktop\DecodeSTORM\DecodeSTORM_CPPDLL\DecodeSTORM_CPPDLL\Colocalization.cpp(254,23): warning C4244: “=”: 从“arma::uword”转换到“int”，可能丢失数据
D:\Desktop\DecodeSTORM\DecodeSTORM_CPPDLL\DecodeSTORM_CPPDLL\Colocalization.cpp(255,23): warning C4244: “=”: 从“arma::uword”转换到“int”，可能丢失数据
D:\Desktop\DecodeSTORM\DecodeSTORM_CPPDLL\DecodeSTORM_CPPDLL\Colocalization.cpp(260,23): warning C4244: “初始化”: 从“unsigned __int64”转换到“float”，可能丢失数据
D:\Desktop\DecodeSTORM\DecodeSTORM_CPPDLL\DecodeSTORM_CPPDLL\Colocalization.cpp(261,16): warning C4244: “初始化”: 从“const arma::uword”转换到“float”，可能丢失数据
D:\Desktop\DecodeSTORM\DecodeSTORM_CPPDLL\DecodeSTORM_CPPDLL\Colocalization.cpp(262,23): warning C4244: “初始化”: 从“unsigned __int64”转换到“float”，可能丢失数据
D:\Desktop\DecodeSTORM\DecodeSTORM_CPPDLL\DecodeSTORM_CPPDLL\Colocalization.cpp(263,16): warning C4244: “初始化”: 从“const arma::uword”转换到“float”，可能丢失数据
  CommonPara.cpp
  WARNING: detected 'min' and/or 'max' macros and undefined them;
  WARNING: you may wish to define NOMINMAX before including any windows header
  ContainerTrans.cpp
  WARNING: detected 'min' and/or 'max' macros and undefined them;
  WARNING: you may wish to define NOMINMAX before including any windows header
D:\Desktop\DecodeSTORM\DecodeSTORM_CPPDLL\DecodeSTORM_CPPDLL\ContainerTrans.cpp(34,8): warning C4244: “初始化”: 从“arma::uword”转换到“int”，可能丢失数据
D:\Desktop\DecodeSTORM\DecodeSTORM_CPPDLL\DecodeSTORM_CPPDLL\ContainerTrans.cpp(45,8): warning C4244: “初始化”: 从“arma::uword”转换到“int”，可能丢失数据
D:\Desktop\DecodeSTORM\DecodeSTORM_CPPDLL\DecodeSTORM_CPPDLL\ContainerTrans.cpp(50,20): warning C4244: “=”: 从“eT”转换到“int”，可能丢失数据
          with
          [
              eT=double
          ]
  CppFileWrapper.cpp
  CsvTxtTrans.cpp
  WARNING: detected 'min' and/or 'max' macros and undefined them;
  WARNING: you may wish to define NOMINMAX before including any windows header
D:\Desktop\DecodeSTORM\DecodeSTORM_CPPDLL\DecodeSTORM_CPPDLL\CsvTxtTrans.cpp(18,29): warning C4838: 从“eT”转换到“float”需要收缩转换
          with
          [
              eT=double
          ]
D:\Desktop\DecodeSTORM\DecodeSTORM_CPPDLL\DecodeSTORM_CPPDLL\CsvTxtTrans.cpp(18,29): warning C4244: “初始化”: 从“eT”转换到“float”，可能丢失数据
          with
          [
              eT=double
          ]
D:\Desktop\DecodeSTORM\DecodeSTORM_CPPDLL\DecodeSTORM_CPPDLL\CsvTxtTrans.cpp(18,44): warning C4838: 从“eT”转换到“float”需要收缩转换
          with
          [
              eT=double
          ]
D:\Desktop\DecodeSTORM\DecodeSTORM_CPPDLL\DecodeSTORM_CPPDLL\CsvTxtTrans.cpp(18,44): warning C4244: “初始化”: 从“eT”转换到“float”，可能丢失数据
          with
          [
              eT=double
          ]
D:\Desktop\DecodeSTORM\DecodeSTORM_CPPDLL\DecodeSTORM_CPPDLL\CsvTxtTrans.cpp(18,59): warning C4838: 从“eT”转换到“float”需要收缩转换
          with
          [
              eT=double
          ]
D:\Desktop\DecodeSTORM\DecodeSTORM_CPPDLL\DecodeSTORM_CPPDLL\CsvTxtTrans.cpp(18,59): warning C4244: “初始化”: 从“eT”转换到“float”，可能丢失数据
          with
          [
              eT=double
          ]
D:\Desktop\DecodeSTORM\DecodeSTORM_CPPDLL\DecodeSTORM_CPPDLL\CsvTxtTrans.cpp(18,73): warning C4838: 从“eT”转换到“float”需要收缩转换
          with
          [
              eT=double
          ]
D:\Desktop\DecodeSTORM\DecodeSTORM_CPPDLL\DecodeSTORM_CPPDLL\CsvTxtTrans.cpp(18,73): warning C4244: “初始化”: 从“eT”转换到“float”，可能丢失数据
          with
          [
              eT=double
          ]
D:\Desktop\DecodeSTORM\DecodeSTORM_CPPDLL\DecodeSTORM_CPPDLL\CsvTxtTrans.cpp(18,87): warning C4838: 从“eT”转换到“float”需要收缩转换
          with
          [
              eT=double
          ]
D:\Desktop\DecodeSTORM\DecodeSTORM_CPPDLL\DecodeSTORM_CPPDLL\CsvTxtTrans.cpp(18,87): warning C4244: “初始化”: 从“eT”转换到“float”，可能丢失数据
          with
          [
              eT=double
          ]
D:\Desktop\DecodeSTORM\DecodeSTORM_CPPDLL\DecodeSTORM_CPPDLL\CsvTxtTrans.cpp(18,101): warning C4838: 从“eT”转换到“float”需要收缩转换
          with
          [
              eT=double
          ]
D:\Desktop\DecodeSTORM\DecodeSTORM_CPPDLL\DecodeSTORM_CPPDLL\CsvTxtTrans.cpp(18,101): warning C4244: “初始化”: 从“eT”转换到“float”，可能丢失数据
          with
          [
              eT=double
          ]
D:\Desktop\DecodeSTORM\DecodeSTORM_CPPDLL\DecodeSTORM_CPPDLL\CsvTxtTrans.cpp(19,11): warning C4838: 从“eT”转换到“float”需要收缩转换
          with
          [
              eT=double
          ]
D:\Desktop\DecodeSTORM\DecodeSTORM_CPPDLL\DecodeSTORM_CPPDLL\CsvTxtTrans.cpp(19,11): warning C4244: “初始化”: 从“eT”转换到“float”，可能丢失数据
          with
          [
              eT=double
          ]
D:\Desktop\DecodeSTORM\DecodeSTORM_CPPDLL\DecodeSTORM_CPPDLL\CsvTxtTrans.cpp(19,25): warning C4838: 从“eT”转换到“float”需要收缩转换
          with
          [
              eT=double
          ]
D:\Desktop\DecodeSTORM\DecodeSTORM_CPPDLL\DecodeSTORM_CPPDLL\CsvTxtTrans.cpp(19,25): warning C4244: “初始化”: 从“eT”转换到“float”，可能丢失数据
          with
          [
              eT=double
          ]
D:\Desktop\DecodeSTORM\DecodeSTORM_CPPDLL\DecodeSTORM_CPPDLL\CsvTxtTrans.cpp(19,39): warning C4838: 从“eT”转换到“float”需要收缩转换
          with
          [
              eT=double
          ]
D:\Desktop\DecodeSTORM\DecodeSTORM_CPPDLL\DecodeSTORM_CPPDLL\CsvTxtTrans.cpp(19,39): warning C4244: “初始化”: 从“eT”转换到“float”，可能丢失数据
          with
          [
              eT=double
          ]
D:\Desktop\DecodeSTORM\DecodeSTORM_CPPDLL\DecodeSTORM_CPPDLL\CsvTxtTrans.cpp(19,53): warning C4838: 从“eT”转换到“float”需要收缩转换
          with
          [
              eT=double
          ]
D:\Desktop\DecodeSTORM\DecodeSTORM_CPPDLL\DecodeSTORM_CPPDLL\CsvTxtTrans.cpp(19,53): warning C4244: “初始化”: 从“eT”转换到“float”，可能丢失数据
          with
          [
              eT=double
          ]
D:\Desktop\DecodeSTORM\DecodeSTORM_CPPDLL\DecodeSTORM_CPPDLL\CsvTxtTrans.cpp(19,67): warning C4838: 从“eT”转换到“float”需要收缩转换
          with
          [
              eT=double
          ]
D:\Desktop\DecodeSTORM\DecodeSTORM_CPPDLL\DecodeSTORM_CPPDLL\CsvTxtTrans.cpp(19,67): warning C4244: “初始化”: 从“eT”转换到“float”，可能丢失数据
          with
          [
              eT=double
          ]
D:\Desktop\DecodeSTORM\DecodeSTORM_CPPDLL\DecodeSTORM_CPPDLL\CsvTxtTrans.cpp(19,82): warning C4838: 从“eT”转换到“float”需要收缩转换
          with
          [
              eT=double
          ]
D:\Desktop\DecodeSTORM\DecodeSTORM_CPPDLL\DecodeSTORM_CPPDLL\CsvTxtTrans.cpp(19,82): warning C4244: “初始化”: 从“eT”转换到“float”，可能丢失数据
          with
          [
              eT=double
          ]
D:\Desktop\DecodeSTORM\DecodeSTORM_CPPDLL\DecodeSTORM_CPPDLL\CsvTxtTrans.cpp(39,29): warning C4838: 从“eT”转换到“float”需要收缩转换
          with
          [
              eT=double
          ]
D:\Desktop\DecodeSTORM\DecodeSTORM_CPPDLL\DecodeSTORM_CPPDLL\CsvTxtTrans.cpp(39,29): warning C4244: “初始化”: 从“eT”转换到“float”，可能丢失数据
          with
          [
              eT=double
          ]
D:\Desktop\DecodeSTORM\DecodeSTORM_CPPDLL\DecodeSTORM_CPPDLL\CsvTxtTrans.cpp(39,44): warning C4838: 从“eT”转换到“float”需要收缩转换
          with
          [
              eT=double
          ]
D:\Desktop\DecodeSTORM\DecodeSTORM_CPPDLL\DecodeSTORM_CPPDLL\CsvTxtTrans.cpp(39,44): warning C4244: “初始化”: 从“eT”转换到“float”，可能丢失数据
          with
          [
              eT=double
          ]
D:\Desktop\DecodeSTORM\DecodeSTORM_CPPDLL\DecodeSTORM_CPPDLL\CsvTxtTrans.cpp(39,59): warning C4838: 从“eT”转换到“float”需要收缩转换
          with
          [
              eT=double
          ]
D:\Desktop\DecodeSTORM\DecodeSTORM_CPPDLL\DecodeSTORM_CPPDLL\CsvTxtTrans.cpp(39,59): warning C4244: “初始化”: 从“eT”转换到“float”，可能丢失数据
          with
          [
              eT=double
          ]
D:\Desktop\DecodeSTORM\DecodeSTORM_CPPDLL\DecodeSTORM_CPPDLL\CsvTxtTrans.cpp(39,73): warning C4838: 从“eT”转换到“float”需要收缩转换
          with
          [
              eT=double
          ]
D:\Desktop\DecodeSTORM\DecodeSTORM_CPPDLL\DecodeSTORM_CPPDLL\CsvTxtTrans.cpp(39,73): warning C4244: “初始化”: 从“eT”转换到“float”，可能丢失数据
          with
          [
              eT=double
          ]
D:\Desktop\DecodeSTORM\DecodeSTORM_CPPDLL\DecodeSTORM_CPPDLL\CsvTxtTrans.cpp(39,87): warning C4838: 从“eT”转换到“float”需要收缩转换
          with
          [
              eT=double
          ]
D:\Desktop\DecodeSTORM\DecodeSTORM_CPPDLL\DecodeSTORM_CPPDLL\CsvTxtTrans.cpp(39,87): warning C4244: “初始化”: 从“eT”转换到“float”，可能丢失数据
          with
          [
              eT=double
          ]
D:\Desktop\DecodeSTORM\DecodeSTORM_CPPDLL\DecodeSTORM_CPPDLL\CsvTxtTrans.cpp(39,101): warning C4838: 从“eT”转换到“float”需要收缩转换
          with
          [
              eT=double
          ]
D:\Desktop\DecodeSTORM\DecodeSTORM_CPPDLL\DecodeSTORM_CPPDLL\CsvTxtTrans.cpp(39,101): warning C4244: “初始化”: 从“eT”转换到“float”，可能丢失数据
          with
          [
              eT=double
          ]
D:\Desktop\DecodeSTORM\DecodeSTORM_CPPDLL\DecodeSTORM_CPPDLL\CsvTxtTrans.cpp(40,11): warning C4838: 从“eT”转换到“float”需要收缩转换
          with
          [
              eT=double
          ]
D:\Desktop\DecodeSTORM\DecodeSTORM_CPPDLL\DecodeSTORM_CPPDLL\CsvTxtTrans.cpp(40,11): warning C4244: “初始化”: 从“eT”转换到“float”，可能丢失数据
          with
          [
              eT=double
          ]
D:\Desktop\DecodeSTORM\DecodeSTORM_CPPDLL\DecodeSTORM_CPPDLL\CsvTxtTrans.cpp(40,25): warning C4838: 从“eT”转换到“float”需要收缩转换
          with
          [
              eT=double
          ]
D:\Desktop\DecodeSTORM\DecodeSTORM_CPPDLL\DecodeSTORM_CPPDLL\CsvTxtTrans.cpp(40,25): warning C4244: “初始化”: 从“eT”转换到“float”，可能丢失数据
          with
          [
              eT=double
          ]
D:\Desktop\DecodeSTORM\DecodeSTORM_CPPDLL\DecodeSTORM_CPPDLL\CsvTxtTrans.cpp(40,39): warning C4838: 从“eT”转换到“float”需要收缩转换
          with
          [
              eT=double
          ]
D:\Desktop\DecodeSTORM\DecodeSTORM_CPPDLL\DecodeSTORM_CPPDLL\CsvTxtTrans.cpp(40,39): warning C4244: “初始化”: 从“eT”转换到“float”，可能丢失数据
          with
          [
              eT=double
          ]
D:\Desktop\DecodeSTORM\DecodeSTORM_CPPDLL\DecodeSTORM_CPPDLL\CsvTxtTrans.cpp(40,53): warning C4838: 从“eT”转换到“float”需要收缩转换
          with
          [
              eT=double
          ]
D:\Desktop\DecodeSTORM\DecodeSTORM_CPPDLL\DecodeSTORM_CPPDLL\CsvTxtTrans.cpp(40,53): warning C4244: “初始化”: 从“eT”转换到“float”，可能丢失数据
          with
          [
              eT=double
          ]
D:\Desktop\DecodeSTORM\DecodeSTORM_CPPDLL\DecodeSTORM_CPPDLL\CsvTxtTrans.cpp(40,67): warning C4838: 从“eT”转换到“float”需要收缩转换
          with
          [
              eT=double
          ]
D:\Desktop\DecodeSTORM\DecodeSTORM_CPPDLL\DecodeSTORM_CPPDLL\CsvTxtTrans.cpp(40,67): warning C4244: “初始化”: 从“eT”转换到“float”，可能丢失数据
          with
          [
              eT=double
          ]
D:\Desktop\DecodeSTORM\DecodeSTORM_CPPDLL\DecodeSTORM_CPPDLL\CsvTxtTrans.cpp(40,82): warning C4838: 从“eT”转换到“float”需要收缩转换
          with
          [
              eT=double
          ]
D:\Desktop\DecodeSTORM\DecodeSTORM_CPPDLL\DecodeSTORM_CPPDLL\CsvTxtTrans.cpp(40,82): warning C4244: “初始化”: 从“eT”转换到“float”，可能丢失数据
          with
          [
              eT=double
          ]
D:\Desktop\DecodeSTORM\DecodeSTORM_CPPDLL\DecodeSTORM_CPPDLL\CsvTxtTrans.cpp(68,14): warning C4244: “初始化”: 从“ULONGLONG”转换到“int”，可能丢失数据
D:\Desktop\DecodeSTORM\DecodeSTORM_CPPDLL\DecodeSTORM_CPPDLL\CsvTxtTrans.cpp(76,32): warning C4267: “参数”: 从“size_t”转换到“UINT”，可能丢失数据
D:\Desktop\DecodeSTORM\DecodeSTORM_CPPDLL\DecodeSTORM_CPPDLL\CsvTxtTrans.cpp(85,33): warning C4267: “参数”: 从“size_t”转换到“UINT”，可能丢失数据
  DBSCAN.cpp
  WARNING: detected 'min' and/or 'max' macros and undefined them;
  WARNING: you may wish to define NOMINMAX before including any windows header
D:\Desktop\DecodeSTORM\DecodeSTORM_CPPDLL\DecodeSTORM_CPPDLL\DBSCAN.cpp(19,8): warning C4244: “初始化”: 从“arma::uword”转换到“int”，可能丢失数据
D:\Desktop\DecodeSTORM\DecodeSTORM_CPPDLL\DecodeSTORM_CPPDLL\DBSCAN.cpp(20,10): warning C4244: “初始化”: 从“arma::uword”转换到“float”，可能丢失数据
D:\Desktop\DecodeSTORM\DecodeSTORM_CPPDLL\DecodeSTORM_CPPDLL\DBSCAN.cpp(22,19): warning C4244: “=”: 从“double”转换到“float”，可能丢失数据
D:\Desktop\DecodeSTORM\DecodeSTORM_CPPDLL\DecodeSTORM_CPPDLL\DBSCAN.cpp(38,44): warning C4244: “参数”: 从“float”转换到“const arma::uword”，可能丢失数据
D:\Desktop\DecodeSTORM\DecodeSTORM_CPPDLL\DecodeSTORM_CPPDLL\DBSCAN.cpp(38,73): warning C4244: “参数”: 从“float”转换到“const arma::uword”，可能丢失数据
D:\Desktop\DecodeSTORM\DecodeSTORM_CPPDLL\DecodeSTORM_CPPDLL\DBSCAN.cpp(58,46): warning C4244: “参数”: 从“float”转换到“const arma::uword”，可能丢失数据
D:\Desktop\DecodeSTORM\DecodeSTORM_CPPDLL\DecodeSTORM_CPPDLL\DBSCAN.cpp(58,75): warning C4244: “参数”: 从“float”转换到“const arma::uword”，可能丢失数据
D:\Desktop\DecodeSTORM\DecodeSTORM_CPPDLL\DecodeSTORM_CPPDLL\DBSCAN.cpp(66,25): warning C4244: “参数”: 从“eT”转换到“const arma::uword”，可能丢失数据
          with
          [
              eT=double
          ]
D:\Desktop\DecodeSTORM\DecodeSTORM_CPPDLL\DecodeSTORM_CPPDLL\DBSCAN.cpp(69,25): warning C4244: “参数”: 从“eT”转换到“const arma::uword”，可能丢失数据
          with
          [
              eT=double
          ]
D:\Desktop\DecodeSTORM\DecodeSTORM_CPPDLL\DecodeSTORM_CPPDLL\DBSCAN.cpp(113,18): warning C4244: “=”: 从“double”转换到“int”，可能丢失数据
D:\Desktop\DecodeSTORM\DecodeSTORM_CPPDLL\DecodeSTORM_CPPDLL\DBSCAN.cpp(133,12): warning C4244: “初始化”: 从“double”转换到“int”，可能丢失数据
D:\Desktop\DecodeSTORM\DecodeSTORM_CPPDLL\DecodeSTORM_CPPDLL\DBSCAN.cpp(134,12): warning C4244: “初始化”: 从“double”转换到“int”，可能丢失数据
D:\Desktop\DecodeSTORM\DecodeSTORM_CPPDLL\DecodeSTORM_CPPDLL\DBSCAN.cpp(139,49): warning C4244: “参数”: 从“eT”转换到“const arma::uword”，可能丢失数据
          with
          [
              eT=double
          ]
D:\Desktop\DecodeSTORM\DecodeSTORM_CPPDLL\DecodeSTORM_CPPDLL\DBSCAN.cpp(139,29): warning C4244: “参数”: 从“eT”转换到“const arma::uword”，可能丢失数据
          with
          [
              eT=double
          ]
D:\Desktop\DecodeSTORM\DecodeSTORM_CPPDLL\DecodeSTORM_CPPDLL\DBSCAN.cpp(142,12): warning C4244: “初始化”: 从“double”转换到“int”，可能丢失数据
D:\Desktop\DecodeSTORM\DecodeSTORM_CPPDLL\DecodeSTORM_CPPDLL\DBSCAN.cpp(143,12): warning C4244: “初始化”: 从“double”转换到“int”，可能丢失数据
D:\Desktop\DecodeSTORM\DecodeSTORM_CPPDLL\DecodeSTORM_CPPDLL\DBSCAN.cpp(146,31): warning C4244: “=”: 从“const arma::uword”转换到“int”，可能丢失数据
D:\Desktop\DecodeSTORM\DecodeSTORM_CPPDLL\DecodeSTORM_CPPDLL\DBSCAN.cpp(147,31): warning C4244: “=”: 从“const arma::uword”转换到“int”，可能丢失数据
D:\Desktop\DecodeSTORM\DecodeSTORM_CPPDLL\DecodeSTORM_CPPDLL\DBSCAN.cpp(169,8): warning C4244: “初始化”: 从“arma::uword”转换到“int”，可能丢失数据
D:\Desktop\DecodeSTORM\DecodeSTORM_CPPDLL\DecodeSTORM_CPPDLL\DBSCAN.cpp(170,10): warning C4244: “初始化”: 从“arma::uword”转换到“float”，可能丢失数据
D:\Desktop\DecodeSTORM\DecodeSTORM_CPPDLL\DecodeSTORM_CPPDLL\DBSCAN.cpp(186,44): warning C4244: “参数”: 从“float”转换到“const arma::uword”，可能丢失数据
D:\Desktop\DecodeSTORM\DecodeSTORM_CPPDLL\DecodeSTORM_CPPDLL\DBSCAN.cpp(186,73): warning C4244: “参数”: 从“float”转换到“const arma::uword”，可能丢失数据
D:\Desktop\DecodeSTORM\DecodeSTORM_CPPDLL\DecodeSTORM_CPPDLL\DBSCAN.cpp(206,46): warning C4244: “参数”: 从“float”转换到“const arma::uword”，可能丢失数据
D:\Desktop\DecodeSTORM\DecodeSTORM_CPPDLL\DecodeSTORM_CPPDLL\DBSCAN.cpp(206,75): warning C4244: “参数”: 从“float”转换到“const arma::uword”，可能丢失数据
D:\Desktop\DecodeSTORM\DecodeSTORM_CPPDLL\DecodeSTORM_CPPDLL\DBSCAN.cpp(214,25): warning C4244: “参数”: 从“eT”转换到“const arma::uword”，可能丢失数据
          with
          [
              eT=double
          ]
D:\Desktop\DecodeSTORM\DecodeSTORM_CPPDLL\DecodeSTORM_CPPDLL\DBSCAN.cpp(217,25): warning C4244: “参数”: 从“eT”转换到“const arma::uword”，可能丢失数据
          with
          [
              eT=double
          ]
D:\Desktop\DecodeSTORM\DecodeSTORM_CPPDLL\DecodeSTORM_CPPDLL\DBSCAN.cpp(261,18): warning C4244: “=”: 从“double”转换到“int”，可能丢失数据
D:\Desktop\DecodeSTORM\DecodeSTORM_CPPDLL\DecodeSTORM_CPPDLL\DBSCAN.cpp(281,12): warning C4244: “初始化”: 从“double”转换到“int”，可能丢失数据
D:\Desktop\DecodeSTORM\DecodeSTORM_CPPDLL\DecodeSTORM_CPPDLL\DBSCAN.cpp(282,12): warning C4244: “初始化”: 从“double”转换到“int”，可能丢失数据
D:\Desktop\DecodeSTORM\DecodeSTORM_CPPDLL\DecodeSTORM_CPPDLL\DBSCAN.cpp(288,49): warning C4244: “参数”: 从“eT”转换到“const arma::uword”，可能丢失数据
          with
          [
              eT=double
          ]
D:\Desktop\DecodeSTORM\DecodeSTORM_CPPDLL\DecodeSTORM_CPPDLL\DBSCAN.cpp(288,29): warning C4244: “参数”: 从“eT”转换到“const arma::uword”，可能丢失数据
          with
          [
              eT=double
          ]
D:\Desktop\DecodeSTORM\DecodeSTORM_CPPDLL\DecodeSTORM_CPPDLL\DBSCAN.cpp(291,12): warning C4244: “初始化”: 从“double”转换到“int”，可能丢失数据
D:\Desktop\DecodeSTORM\DecodeSTORM_CPPDLL\DecodeSTORM_CPPDLL\DBSCAN.cpp(292,12): warning C4244: “初始化”: 从“double”转换到“int”，可能丢失数据
D:\Desktop\DecodeSTORM\DecodeSTORM_CPPDLL\DecodeSTORM_CPPDLL\DBSCAN.cpp(295,31): warning C4244: “=”: 从“const arma::uword”转换到“int”，可能丢失数据
D:\Desktop\DecodeSTORM\DecodeSTORM_CPPDLL\DecodeSTORM_CPPDLL\DBSCAN.cpp(296,31): warning C4244: “=”: 从“const arma::uword”转换到“int”，可能丢失数据
  DecodeSTORM_.cpp
  WARNING: detected 'min' and/or 'max' macros and undefined them;
  WARNING: you may wish to define NOMINMAX before including any windows header
D:\Desktop\DecodeSTORM\DecodeSTORM_CPPDLL\DecodeSTORM_CPPDLL\DecodeSTORM_.cpp(85,11): warning C4244: “初始化”: 从“eT”转换到“float”，可能丢失数据
          with
          [
              eT=double
          ]
D:\Desktop\DecodeSTORM\DecodeSTORM_CPPDLL\DecodeSTORM_CPPDLL\DecodeSTORM_.cpp(322,33): warning C4244: “参数”: 从“arma::uword”转换到“jsize”，可能丢失数据
D:\Desktop\DecodeSTORM\DecodeSTORM_CPPDLL\DecodeSTORM_CPPDLL\DecodeSTORM_.cpp(324,56): warning C4244: “参数”: 从“const arma::uword”转换到“jsize”，可能丢失数据
D:\Desktop\DecodeSTORM\DecodeSTORM_CPPDLL\DecodeSTORM_CPPDLL\DecodeSTORM_.cpp(325,51): warning C4244: “参数”: 从“const arma::uword”转换到“jsize”，可能丢失数据
D:\Desktop\DecodeSTORM\DecodeSTORM_CPPDLL\DecodeSTORM_CPPDLL\DecodeSTORM_.cpp(328,56): warning C4244: “参数”: 从“const arma::uword”转换到“jsize”，可能丢失数据
D:\Desktop\DecodeSTORM\DecodeSTORM_CPPDLL\DecodeSTORM_CPPDLL\DecodeSTORM_.cpp(329,51): warning C4244: “参数”: 从“const arma::uword”转换到“jsize”，可能丢失数据
D:\Desktop\DecodeSTORM\DecodeSTORM_CPPDLL\DecodeSTORM_CPPDLL\DecodeSTORM_.cpp(345,33): warning C4244: “参数”: 从“arma::uword”转换到“jsize”，可能丢失数据
D:\Desktop\DecodeSTORM\DecodeSTORM_CPPDLL\DecodeSTORM_CPPDLL\DecodeSTORM_.cpp(347,56): warning C4244: “参数”: 从“const arma::uword”转换到“jsize”，可能丢失数据
D:\Desktop\DecodeSTORM\DecodeSTORM_CPPDLL\DecodeSTORM_CPPDLL\DecodeSTORM_.cpp(348,51): warning C4244: “参数”: 从“const arma::uword”转换到“jsize”，可能丢失数据
D:\Desktop\DecodeSTORM\DecodeSTORM_CPPDLL\DecodeSTORM_CPPDLL\DecodeSTORM_.cpp(351,56): warning C4244: “参数”: 从“const arma::uword”转换到“jsize”，可能丢失数据
D:\Desktop\DecodeSTORM\DecodeSTORM_CPPDLL\DecodeSTORM_CPPDLL\DecodeSTORM_.cpp(352,51): warning C4244: “参数”: 从“const arma::uword”转换到“jsize”，可能丢失数据
D:\Desktop\DecodeSTORM\DecodeSTORM_CPPDLL\DecodeSTORM_CPPDLL\DecodeSTORM_.cpp(368,33): warning C4244: “参数”: 从“arma::uword”转换到“jsize”，可能丢失数据
D:\Desktop\DecodeSTORM\DecodeSTORM_CPPDLL\DecodeSTORM_CPPDLL\DecodeSTORM_.cpp(370,57): warning C4244: “参数”: 从“const arma::uword”转换到“jsize”，可能丢失数据
D:\Desktop\DecodeSTORM\DecodeSTORM_CPPDLL\DecodeSTORM_CPPDLL\DecodeSTORM_.cpp(371,52): warning C4244: “参数”: 从“const arma::uword”转换到“jsize”，可能丢失数据
D:\Desktop\DecodeSTORM\DecodeSTORM_CPPDLL\DecodeSTORM_CPPDLL\DecodeSTORM_.cpp(374,57): warning C4244: “参数”: 从“const arma::uword”转换到“jsize”，可能丢失数据
D:\Desktop\DecodeSTORM\DecodeSTORM_CPPDLL\DecodeSTORM_CPPDLL\DecodeSTORM_.cpp(375,52): warning C4244: “参数”: 从“const arma::uword”转换到“jsize”，可能丢失数据
D:\Desktop\DecodeSTORM\DecodeSTORM_CPPDLL\DecodeSTORM_CPPDLL\DecodeSTORM_.cpp(391,33): warning C4244: “参数”: 从“arma::uword”转换到“jsize”，可能丢失数据
D:\Desktop\DecodeSTORM\DecodeSTORM_CPPDLL\DecodeSTORM_CPPDLL\DecodeSTORM_.cpp(393,57): warning C4244: “参数”: 从“const arma::uword”转换到“jsize”，可能丢失数据
D:\Desktop\DecodeSTORM\DecodeSTORM_CPPDLL\DecodeSTORM_CPPDLL\DecodeSTORM_.cpp(394,52): warning C4244: “参数”: 从“const arma::uword”转换到“jsize”，可能丢失数据
D:\Desktop\DecodeSTORM\DecodeSTORM_CPPDLL\DecodeSTORM_CPPDLL\DecodeSTORM_.cpp(397,57): warning C4244: “参数”: 从“const arma::uword”转换到“jsize”，可能丢失数据
D:\Desktop\DecodeSTORM\DecodeSTORM_CPPDLL\DecodeSTORM_CPPDLL\DecodeSTORM_.cpp(398,52): warning C4244: “参数”: 从“const arma::uword”转换到“jsize”，可能丢失数据
D:\Desktop\DecodeSTORM\DecodeSTORM_CPPDLL\DecodeSTORM_CPPDLL\DecodeSTORM_.cpp(416,38): warning C4244: “=”: 从“eT”转换到“float”，可能丢失数据
          with
          [
              eT=double
          ]
D:\Desktop\DecodeSTORM\DecodeSTORM_CPPDLL\DecodeSTORM_CPPDLL\DecodeSTORM_.cpp(417,38): warning C4244: “=”: 从“eT”转换到“float”，可能丢失数据
          with
          [
              eT=double
          ]
D:\Desktop\DecodeSTORM\DecodeSTORM_CPPDLL\DecodeSTORM_CPPDLL\DecodeSTORM_.cpp(418,38): warning C4244: “=”: 从“eT”转换到“float”，可能丢失数据
          with
          [
              eT=double
          ]
D:\Desktop\DecodeSTORM\DecodeSTORM_CPPDLL\DecodeSTORM_CPPDLL\DecodeSTORM_.cpp(419,38): warning C4244: “=”: 从“eT”转换到“float”，可能丢失数据
          with
          [
              eT=double
          ]
D:\Desktop\DecodeSTORM\DecodeSTORM_CPPDLL\DecodeSTORM_CPPDLL\DecodeSTORM_.cpp(422,38): warning C4244: “=”: 从“eT”转换到“float”，可能丢失数据
          with
          [
              eT=double
          ]
D:\Desktop\DecodeSTORM\DecodeSTORM_CPPDLL\DecodeSTORM_CPPDLL\DecodeSTORM_.cpp(423,38): warning C4244: “=”: 从“eT”转换到“float”，可能丢失数据
          with
          [
              eT=double
          ]
D:\Desktop\DecodeSTORM\DecodeSTORM_CPPDLL\DecodeSTORM_CPPDLL\DecodeSTORM_.cpp(424,38): warning C4244: “=”: 从“eT”转换到“float”，可能丢失数据
          with
          [
              eT=double
          ]
D:\Desktop\DecodeSTORM\DecodeSTORM_CPPDLL\DecodeSTORM_CPPDLL\DecodeSTORM_.cpp(425,38): warning C4244: “=”: 从“eT”转换到“float”，可能丢失数据
          with
          [
              eT=double
          ]
D:\Desktop\DecodeSTORM\DecodeSTORM_CPPDLL\DecodeSTORM_CPPDLL\DecodeSTORM_.cpp(428,21): warning C4244: “=”: 从“const _Ty”转换到“float”，可能丢失数据
          with
          [
              _Ty=double
          ]
D:\Desktop\DecodeSTORM\DecodeSTORM_CPPDLL\DecodeSTORM_CPPDLL\DecodeSTORM_.cpp(429,21): warning C4244: “=”: 从“const _Ty”转换到“float”，可能丢失数据
          with
          [
              _Ty=double
          ]
D:\Desktop\DecodeSTORM\DecodeSTORM_CPPDLL\DecodeSTORM_CPPDLL\DecodeSTORM_.cpp(430,21): warning C4244: “=”: 从“const _Ty”转换到“float”，可能丢失数据
          with
          [
              _Ty=double
          ]
D:\Desktop\DecodeSTORM\DecodeSTORM_CPPDLL\DecodeSTORM_CPPDLL\DecodeSTORM_.cpp(431,21): warning C4244: “=”: 从“const _Ty”转换到“float”，可能丢失数据
          with
          [
              _Ty=double
          ]
D:\Desktop\DecodeSTORM\DecodeSTORM_CPPDLL\DecodeSTORM_CPPDLL\DecodeSTORM_.cpp(452,39): warning C4244: “=”: 从“eT”转换到“float”，可能丢失数据
          with
          [
              eT=double
          ]
D:\Desktop\DecodeSTORM\DecodeSTORM_CPPDLL\DecodeSTORM_CPPDLL\DecodeSTORM_.cpp(453,39): warning C4244: “=”: 从“eT”转换到“float”，可能丢失数据
          with
          [
              eT=double
          ]
D:\Desktop\DecodeSTORM\DecodeSTORM_CPPDLL\DecodeSTORM_CPPDLL\DecodeSTORM_.cpp(454,39): warning C4244: “=”: 从“eT”转换到“float”，可能丢失数据
          with
          [
              eT=double
          ]
D:\Desktop\DecodeSTORM\DecodeSTORM_CPPDLL\DecodeSTORM_CPPDLL\DecodeSTORM_.cpp(455,39): warning C4244: “=”: 从“eT”转换到“float”，可能丢失数据
          with
          [
              eT=double
          ]
D:\Desktop\DecodeSTORM\DecodeSTORM_CPPDLL\DecodeSTORM_CPPDLL\DecodeSTORM_.cpp(458,39): warning C4244: “=”: 从“eT”转换到“float”，可能丢失数据
          with
          [
              eT=double
          ]
D:\Desktop\DecodeSTORM\DecodeSTORM_CPPDLL\DecodeSTORM_CPPDLL\DecodeSTORM_.cpp(459,39): warning C4244: “=”: 从“eT”转换到“float”，可能丢失数据
          with
          [
              eT=double
          ]
D:\Desktop\DecodeSTORM\DecodeSTORM_CPPDLL\DecodeSTORM_CPPDLL\DecodeSTORM_.cpp(460,39): warning C4244: “=”: 从“eT”转换到“float”，可能丢失数据
          with
          [
              eT=double
          ]
D:\Desktop\DecodeSTORM\DecodeSTORM_CPPDLL\DecodeSTORM_CPPDLL\DecodeSTORM_.cpp(461,39): warning C4244: “=”: 从“eT”转换到“float”，可能丢失数据
          with
          [
              eT=double
          ]
D:\Desktop\DecodeSTORM\DecodeSTORM_CPPDLL\DecodeSTORM_CPPDLL\DecodeSTORM_.cpp(464,24): warning C4244: “=”: 从“const _Ty”转换到“float”，可能丢失数据
          with
          [
              _Ty=double
          ]
D:\Desktop\DecodeSTORM\DecodeSTORM_CPPDLL\DecodeSTORM_CPPDLL\DecodeSTORM_.cpp(465,24): warning C4244: “=”: 从“const _Ty”转换到“float”，可能丢失数据
          with
          [
              _Ty=double
          ]
D:\Desktop\DecodeSTORM\DecodeSTORM_CPPDLL\DecodeSTORM_CPPDLL\DecodeSTORM_.cpp(466,24): warning C4244: “=”: 从“const _Ty”转换到“float”，可能丢失数据
          with
          [
              _Ty=double
          ]
D:\Desktop\DecodeSTORM\DecodeSTORM_CPPDLL\DecodeSTORM_CPPDLL\DecodeSTORM_.cpp(467,24): warning C4244: “=”: 从“const _Ty”转换到“float”，可能丢失数据
          with
          [
              _Ty=double
          ]
D:\Desktop\DecodeSTORM\DecodeSTORM_CPPDLL\DecodeSTORM_CPPDLL\DecodeSTORM_.cpp(1130,28): warning C4244: “=”: 从“int”转换到“float”，可能丢失数据
D:\Desktop\DecodeSTORM\DecodeSTORM_CPPDLL\DecodeSTORM_CPPDLL\DecodeSTORM_.cpp(1131,28): warning C4244: “=”: 从“int”转换到“float”，可能丢失数据
D:\Desktop\DecodeSTORM\DecodeSTORM_CPPDLL\DecodeSTORM_CPPDLL\DecodeSTORM_.cpp(1214,31): warning C4244: “=”: 从“int”转换到“float”，可能丢失数据
D:\Desktop\DecodeSTORM\DecodeSTORM_CPPDLL\DecodeSTORM_CPPDLL\DecodeSTORM_.cpp(1215,31): warning C4244: “=”: 从“int”转换到“float”，可能丢失数据
  dllmain.cpp
  DriftCorr.cpp
  WARNING: detected 'min' and/or 'max' macros and undefined them;
  WARNING: you may wish to define NOMINMAX before including any windows header
D:\Desktop\DecodeSTORM\DecodeSTORM_CPPDLL\DecodeSTORM_CPPDLL\DriftCorr.cpp(22,18): warning C4244: “=”: 从“double”转换到“int”，可能丢失数据
D:\Desktop\DecodeSTORM\DecodeSTORM_CPPDLL\DecodeSTORM_CPPDLL\DriftCorr.cpp(12,6): warning C4101: “TotalFluoNum”: 未引用的局部变量
  DriftCorrection_SRImageXCorr.cpp
  WARNING: detected 'min' and/or 'max' macros and undefined them;
  WARNING: you may wish to define NOMINMAX before including any windows header
D:\Desktop\DecodeSTORM\DecodeSTORM_CPPDLL\DecodeSTORM_CPPDLL\DriftCorrection_SRImageXCorr.cpp(8,14): warning C4101: “err”: 未引用的局部变量
D:\Desktop\DecodeSTORM\DecodeSTORM_CPPDLL\DecodeSTORM_CPPDLL\DriftCorrection_SRImageXCorr.cpp(76,18): warning C4244: “=”: 从“double”转换到“int”，可能丢失数据
D:\Desktop\DecodeSTORM\DecodeSTORM_CPPDLL\DecodeSTORM_CPPDLL\DriftCorrection_SRImageXCorr.cpp(139,19): warning C4244: “初始化”: 从“arma::uword”转换到“int”，可能丢失数据
D:\Desktop\DecodeSTORM\DecodeSTORM_CPPDLL\DecodeSTORM_CPPDLL\DriftCorrection_SRImageXCorr.cpp(222,15): warning C4244: “=”: 从“unsigned __int64”转换到“int”，可能丢失数据
D:\Desktop\DecodeSTORM\DecodeSTORM_CPPDLL\DecodeSTORM_CPPDLL\DriftCorrection_SRImageXCorr.cpp(230,18): warning C4244: “=”: 从“unsigned __int64”转换到“int”，可能丢失数据
D:\Desktop\DecodeSTORM\DecodeSTORM_CPPDLL\DecodeSTORM_CPPDLL\DriftCorrection_SRImageXCorr.cpp(291,51): warning C4244: “=”: 从“int”转换到“float”，可能丢失数据
D:\Desktop\DecodeSTORM\DecodeSTORM_CPPDLL\DecodeSTORM_CPPDLL\DriftCorrection_SRImageXCorr.cpp(297,65): warning C4244: “=”: 从“int”转换到“float”，可能丢失数据
D:\Desktop\DecodeSTORM\DecodeSTORM_CPPDLL\DecodeSTORM_CPPDLL\DriftCorrection_SRImageXCorr.cpp(305,15): warning C4244: “=”: 从“float”转换到“int”，可能丢失数据
D:\Desktop\DecodeSTORM\DecodeSTORM_CPPDLL\DecodeSTORM_CPPDLL\DriftCorrection_SRImageXCorr.cpp(321,19): warning C4244: “初始化”: 从“arma::uword”转换到“int”，可能丢失数据
D:\Desktop\DecodeSTORM\DecodeSTORM_CPPDLL\DecodeSTORM_CPPDLL\DriftCorrection_SRImageXCorr.cpp(333,20): warning C4244: “=”: 从“eT”转换到“int”，可能丢失数据
          with
          [
              eT=double
          ]
D:\Desktop\DecodeSTORM\DecodeSTORM_CPPDLL\DecodeSTORM_CPPDLL\DriftCorrection_SRImageXCorr.cpp(326,6): warning C4101: “cnt”: 未引用的局部变量
D:\Desktop\DecodeSTORM\DecodeSTORM_CPPDLL\DecodeSTORM_CPPDLL\DriftCorrection_SRImageXCorr.cpp(430,26): warning C4244: “=”: 从“eT”转换到“float”，可能丢失数据
          with
          [
              eT=double
          ]
D:\Desktop\DecodeSTORM\DecodeSTORM_CPPDLL\DecodeSTORM_CPPDLL\DriftCorrection_SRImageXCorr.cpp(431,38): warning C4244: “=”: 从“eT”转换到“float”，可能丢失数据
          with
          [
              eT=double
          ]
D:\Desktop\DecodeSTORM\DecodeSTORM_CPPDLL\DecodeSTORM_CPPDLL\DriftCorrection_SRImageXCorr.cpp(432,38): warning C4244: “=”: 从“eT”转换到“float”，可能丢失数据
          with
          [
              eT=double
          ]
D:\Desktop\DecodeSTORM\DecodeSTORM_CPPDLL\DecodeSTORM_CPPDLL\DriftCorrection_SRImageXCorr.cpp(433,21): warning C4244: “=”: 从“eT”转换到“float”，可能丢失数据
          with
          [
              eT=double
          ]
D:\Desktop\DecodeSTORM\DecodeSTORM_CPPDLL\DecodeSTORM_CPPDLL\DriftCorrection_SRImageXCorr.cpp(400,6): warning C4101: “cnt”: 未引用的局部变量
D:\Desktop\DecodeSTORM\DecodeSTORM_CPPDLL\DecodeSTORM_CPPDLL\DriftCorrection_SRImageXCorr.cpp(625,78): warning C4244: “+=”: 从“double”转换到“float”，可能丢失数据
D:\Desktop\DecodeSTORM\DecodeSTORM_CPPDLL\DecodeSTORM_CPPDLL\DriftCorrection_SRImageXCorr.cpp(626,78): warning C4244: “+=”: 从“double”转换到“float”，可能丢失数据
  DriftCorrGPU.cpp
  WARNING: detected 'min' and/or 'max' macros and undefined them;
  WARNING: you may wish to define NOMINMAX before including any windows header
D:\Desktop\DecodeSTORM\DecodeSTORM_CPPDLL\DecodeSTORM_CPPDLL\DriftCorrGPU.cpp(16,6): warning C4101: “TotalFluoNum”: 未引用的局部变量
  DuplicateFilter.cpp
  WARNING: detected 'min' and/or 'max' macros and undefined them;
  WARNING: you may wish to define NOMINMAX before including any windows header
D:\Desktop\DecodeSTORM\DecodeSTORM_CPPDLL\DecodeSTORM_CPPDLL\DuplicateFilter.cpp(18,11): warning C4244: “=”: 从“eT”转换到“int”，可能丢失数据
          with
          [
              eT=double
          ]
  GetLocAndRoi.cpp
  WARNING: detected 'min' and/or 'max' macros and undefined them;
  WARNING: you may wish to define NOMINMAX before including any windows header
  Merging.cpp
  WARNING: detected 'min' and/or 'max' macros and undefined them;
  WARNING: you may wish to define NOMINMAX before including any windows header
D:\Desktop\DecodeSTORM\DecodeSTORM_CPPDLL\DecodeSTORM_CPPDLL\Merging.cpp(15,15): warning C4244: “初始化”: 从“double”转换到“int”，可能丢失数据
D:\Desktop\DecodeSTORM\DecodeSTORM_CPPDLL\DecodeSTORM_CPPDLL\Merging.cpp(34,32): warning C4244: “=”: 从“arma::uword”转换到“int”，可能丢失数据
D:\Desktop\DecodeSTORM\DecodeSTORM_CPPDLL\DecodeSTORM_CPPDLL\Merging.cpp(41,41): warning C4244: “参数”: 从“arma::uword”转换到“const double”，可能丢失数据
  kdtree2.cpp
D:\Desktop\DecodeSTORM\DecodeSTORM_CPPDLL\DecodeSTORM_CPPDLL\kdtree2.cpp(77,1): warning C4267: “初始化”: 从“size_t”转换到“const int”，可能丢失数据
D:\Desktop\DecodeSTORM\DecodeSTORM_CPPDLL\DecodeSTORM_CPPDLL\kdtree2.cpp(77,1): warning C4267: “初始化”: 从“size_t”转换到“int”，可能丢失数据
D:\Desktop\DecodeSTORM\DecodeSTORM_CPPDLL\DecodeSTORM_CPPDLL\kdtree2.cpp(206,53): warning C4244: “=”: 从“double”转换到“float”，可能丢失数据
D:\Desktop\DecodeSTORM\DecodeSTORM_CPPDLL\DecodeSTORM_CPPDLL\kdtree2.cpp(257,66): warning C4244: “=”: 从“double”转换到“float”，可能丢失数据
D:\Desktop\DecodeSTORM\DecodeSTORM_CPPDLL\DecodeSTORM_CPPDLL\kdtree2.cpp(362,37): warning C4305: “初始化”: 从“double”到“float”截断
D:\Desktop\DecodeSTORM\DecodeSTORM_CPPDLL\DecodeSTORM_CPPDLL\kdtree2.cpp(491,26): warning C4267: “return”: 从“size_t”转换到“int”，可能丢失数据
D:\Desktop\DecodeSTORM\DecodeSTORM_CPPDLL\DecodeSTORM_CPPDLL\kdtree2.cpp(542,26): warning C4267: “return”: 从“size_t”转换到“int”，可能丢失数据
  MathCalc.cpp
  WARNING: detected 'min' and/or 'max' macros and undefined them;
  WARNING: you may wish to define NOMINMAX before including any windows header
D:\Desktop\DecodeSTORM\DecodeSTORM_CPPDLL\DecodeSTORM_CPPDLL\MathCalc.cpp(5,17): warning C4244: “初始化”: 从“double”转换到“LL”，可能丢失数据
D:\Desktop\DecodeSTORM\DecodeSTORM_CPPDLL\DecodeSTORM_CPPDLL\MathCalc.cpp(9,23): warning C4244: “=”: 从“LL”转换到“double”，可能丢失数据
D:\Desktop\DecodeSTORM\DecodeSTORM_CPPDLL\DecodeSTORM_CPPDLL\MathCalc.cpp(18,15): warning C4244: “=”: 从“const arma::uword”转换到“int”，可能丢失数据
D:\Desktop\DecodeSTORM\DecodeSTORM_CPPDLL\DecodeSTORM_CPPDLL\MathCalc.cpp(44,14): warning C4244: “初始化”: 从“arma::uword”转换到“int”，可能丢失数据
  NoiseFilter.cpp
  WARNING: detected 'min' and/or 'max' macros and undefined them;
  WARNING: you may wish to define NOMINMAX before including any windows header
D:\Desktop\DecodeSTORM\DecodeSTORM_CPPDLL\DecodeSTORM_CPPDLL\NoiseFilter.cpp(22,22): warning C4244: “=”: 从“unsigned __int64”转换到“eT”，可能丢失数据
          with
          [
              eT=float
          ]
D:\Desktop\DecodeSTORM\DecodeSTORM_CPPDLL\DecodeSTORM_CPPDLL\NoiseFilter.cpp(32,22): warning C4244: “=”: 从“unsigned __int64”转换到“eT”，可能丢失数据
          with
          [
              eT=float
          ]
  OpenConsole.cpp
  QuantCluster.cpp
  WARNING: detected 'min' and/or 'max' macros and undefined them;
  WARNING: you may wish to define NOMINMAX before including any windows header
D:\Desktop\DecodeSTORM\DecodeSTORM_CPPDLL\DecodeSTORM_CPPDLL\QuantCluster.cpp(25,13): warning C4244: “=”: 从“const arma::uword”转换到“int”，可能丢失数据
D:\Desktop\DecodeSTORM\DecodeSTORM_CPPDLL\DecodeSTORM_CPPDLL\QuantCluster.cpp(46,7): warning C4804: “~”: 在操作中使用类型“bool”不安全
D:\Desktop\DecodeSTORM\DecodeSTORM_CPPDLL\DecodeSTORM_CPPDLL\QuantCluster.cpp(59,21): warning C4244: “=”: 从“arma::uword”转换到“int”，可能丢失数据
D:\Desktop\DecodeSTORM\DecodeSTORM_CPPDLL\DecodeSTORM_CPPDLL\QuantCluster.cpp(76,21): warning C4244: “=”: 从“double”转换到“int”，可能丢失数据
D:\Desktop\DecodeSTORM\DecodeSTORM_CPPDLL\DecodeSTORM_CPPDLL\QuantCluster.cpp(77,22): warning C4244: “=”: 从“double”转换到“int”，可能丢失数据
D:\Desktop\DecodeSTORM\DecodeSTORM_CPPDLL\DecodeSTORM_CPPDLL\QuantCluster.cpp(105,24): warning C4244: “=”: 从“double”转换到“int”，可能丢失数据
D:\Desktop\DecodeSTORM\DecodeSTORM_CPPDLL\DecodeSTORM_CPPDLL\QuantCluster.cpp(106,25): warning C4244: “=”: 从“double”转换到“int”，可能丢失数据
D:\Desktop\DecodeSTORM\DecodeSTORM_CPPDLL\DecodeSTORM_CPPDLL\QuantCluster.cpp(107,14): warning C4244: “=”: 从“eT”转换到“float”，可能丢失数据
          with
          [
              eT=double
          ]
  Render.cpp
  WARNING: detected 'min' and/or 'max' macros and undefined them;
  WARNING: you may wish to define NOMINMAX before including any windows header
D:\Desktop\DecodeSTORM\DecodeSTORM_CPPDLL\DecodeSTORM_CPPDLL\Render.cpp(23,19): warning C4244: “初始化”: 从“arma::uword”转换到“int”，可能丢失数据
D:\Desktop\DecodeSTORM\DecodeSTORM_CPPDLL\DecodeSTORM_CPPDLL\Render.cpp(37,21): warning C4244: “=”: 从“eT”转换到“float”，可能丢失数据
          with
          [
              eT=double
          ]
D:\Desktop\DecodeSTORM\DecodeSTORM_CPPDLL\DecodeSTORM_CPPDLL\Render.cpp(38,33): warning C4244: “=”: 从“eT”转换到“float”，可能丢失数据
          with
          [
              eT=double
          ]
D:\Desktop\DecodeSTORM\DecodeSTORM_CPPDLL\DecodeSTORM_CPPDLL\Render.cpp(39,33): warning C4244: “=”: 从“eT”转换到“float”，可能丢失数据
          with
          [
              eT=double
          ]
D:\Desktop\DecodeSTORM\DecodeSTORM_CPPDLL\DecodeSTORM_CPPDLL\Render.cpp(40,16): warning C4244: “=”: 从“eT”转换到“float”，可能丢失数据
          with
          [
              eT=double
          ]
D:\Desktop\DecodeSTORM\DecodeSTORM_CPPDLL\DecodeSTORM_CPPDLL\Render.cpp(72,16): warning C4244: “初始化”: 从“float”转换到“int”，可能丢失数据
  正在编译...
  ImprecisionFilter.cpp
  WARNING: detected 'min' and/or 'max' macros and undefined them;
  WARNING: you may wish to define NOMINMAX before including any windows header
  utils.cpp
D:\Desktop\DecodeSTORM\DecodeSTORM_CPPDLL\DecodeSTORM_CPPDLL\utils.cpp(31,16): warning C4267: “=”: 从“size_t”转换到“int”，可能丢失数据
  VoronoiDiagram.cpp
  WARNING: detected 'min' and/or 'max' macros and undefined them;
  WARNING: you may wish to define NOMINMAX before including any windows header
D:\Desktop\DecodeSTORM\DecodeSTORM_CPPDLL\DecodeSTORM_CPPDLL\VoronoiDiagram.cpp(22,72): warning C4244: “参数”: 从“eT”转换到“_Tp”，可能丢失数据
          with
          [
              eT=double
          ]
          and
          [
              _Tp=int
          ]
D:\Desktop\DecodeSTORM\DecodeSTORM_CPPDLL\DecodeSTORM_CPPDLL\VoronoiDiagram.cpp(22,44): warning C4244: “参数”: 从“eT”转换到“_Tp”，可能丢失数据
          with
          [
              eT=double
          ]
          and
          [
              _Tp=int
          ]
D:\Desktop\DecodeSTORM\DecodeSTORM_CPPDLL\DecodeSTORM_CPPDLL\VoronoiDiagram.cpp(36,57): warning C4244: “参数”: 从“eT”转换到“_Tp”，可能丢失数据
          with
          [
              eT=double
          ]
          and
          [
              _Tp=int
          ]
D:\Desktop\DecodeSTORM\DecodeSTORM_CPPDLL\DecodeSTORM_CPPDLL\VoronoiDiagram.cpp(35,57): warning C4244: “参数”: 从“eT”转换到“_Tp”，可能丢失数据
          with
          [
              eT=double
          ]
          and
          [
              _Tp=int
          ]
D:\Desktop\DecodeSTORM\DecodeSTORM_CPPDLL\DecodeSTORM_CPPDLL\VoronoiDiagram.cpp(34,59): warning C4244: “参数”: 从“eT”转换到“_Tp”，可能丢失数据
          with
          [
              eT=double
          ]
          and
          [
              _Tp=int
          ]
D:\Desktop\DecodeSTORM\DecodeSTORM_CPPDLL\DecodeSTORM_CPPDLL\VoronoiDiagram.cpp(34,35): warning C4244: “参数”: 从“eT”转换到“_Tp”，可能丢失数据
          with
          [
              eT=double
          ]
          and
          [
              _Tp=int
          ]
    正在创建库 D:\Desktop\DecodeSTORM\DecodeSTORM_CPPDLL\x64\Release\DecodeSTORM_CPPDLL.lib 和对象 D:\Desktop\DecodeSTORM\DecodeSTORM_CPPDLL\x64\Release\DecodeSTORM_CPPDLL.exp
  正在生成代码
  Previous IPDB not found, fall back to full compilation.
  All 4930 functions were compiled because no usable IPDB/IOBJ from previous compilation was found.
  已完成代码的生成
DriftCorrGPU_dll.lib(DriftCorrection_SRImageXCorr.cu.obj) : warning LNK4099: 未找到 PDB“”(使用“DriftCorrGPU_dll.lib(DriftCorrection_SRImageXCorr.cu.obj)”或在“”中寻找)；正在链接对象，如同没有调试信息一样
DriftCorrGPU_dll.lib(DriftCorrection_SRImageXCorr_rc.cu.obj) : warning LNK4099: 未找到 PDB“”(使用“DriftCorrGPU_dll.lib(DriftCorrection_SRImageXCorr_rc.cu.obj)”或在“”中寻找)；正在链接对象，如同没有调试信息一样
DriftCorrGPU_dll.lib(DriftCorrection_SRImageXCorr_top.cu.obj) : warning LNK4099: 未找到 PDB“DriftCorrGPU_dll.pdb”(使用“DriftCorrGPU_dll.lib(DriftCorrection_SRImageXCorr_top.cu.obj)”或在“D:\Desktop\DecodeSTORM\DecodeSTORM_CPPDLL\x64\Release\DriftCorrGPU_dll.pdb”中寻找)；正在链接对象，如同没有调试信息一样
  DecodeSTORM_CPPDLL.vcxproj -> D:\Desktop\DecodeSTORM\DecodeSTORM_CPPDLL\x64\Release\DecodeSTORM_CPPDLL.dll
