d:\desktop\decodestorm-master\decodestorm_cppdll\decodestorm_cppdll\x64\release\decodestorm_cppdll.pch
d:\desktop\decodestorm-master\decodestorm_cppdll\decodestorm_cppdll\x64\release\vc142.pdb
d:\desktop\decodestorm-master\decodestorm_cppdll\decodestorm_cppdll\x64\release\stdafx.obj
d:\desktop\decodestorm-master\decodestorm_cppdll\decodestorm_cppdll\x64\release\render.obj
d:\desktop\decodestorm-master\decodestorm_cppdll\decodestorm_cppdll\x64\release\quantcluster.obj
d:\desktop\decodestorm-master\decodestorm_cppdll\decodestorm_cppdll\x64\release\openconsole.obj
d:\desktop\decodestorm-master\decodestorm_cppdll\decodestorm_cppdll\x64\release\noisefilter.obj
d:\desktop\decodestorm-master\decodestorm_cppdll\decodestorm_cppdll\x64\release\mathcalc.obj
d:\desktop\decodestorm-master\decodestorm_cppdll\decodestorm_cppdll\x64\release\kdtree2.obj
d:\desktop\decodestorm-master\decodestorm_cppdll\decodestorm_cppdll\x64\release\merging.obj
d:\desktop\decodestorm-master\decodestorm_cppdll\decodestorm_cppdll\x64\release\getlocandroi.obj
d:\desktop\decodestorm-master\decodestorm_cppdll\decodestorm_cppdll\x64\release\duplicatefilter.obj
d:\desktop\decodestorm-master\decodestorm_cppdll\decodestorm_cppdll\x64\release\driftcorrgpu.obj
d:\desktop\decodestorm-master\decodestorm_cppdll\decodestorm_cppdll\x64\release\driftcorrection_srimagexcorr.obj
d:\desktop\decodestorm-master\decodestorm_cppdll\decodestorm_cppdll\x64\release\driftcorr.obj
d:\desktop\decodestorm-master\decodestorm_cppdll\decodestorm_cppdll\x64\release\dllmain.obj
d:\desktop\decodestorm-master\decodestorm_cppdll\decodestorm_cppdll\x64\release\decodestorm_.obj
d:\desktop\decodestorm-master\decodestorm_cppdll\decodestorm_cppdll\x64\release\dbscan.obj
d:\desktop\decodestorm-master\decodestorm_cppdll\decodestorm_cppdll\x64\release\csvtxttrans.obj
d:\desktop\decodestorm-master\decodestorm_cppdll\decodestorm_cppdll\x64\release\cppfilewrapper.obj
d:\desktop\decodestorm-master\decodestorm_cppdll\decodestorm_cppdll\x64\release\containertrans.obj
d:\desktop\decodestorm-master\decodestorm_cppdll\decodestorm_cppdll\x64\release\commonpara.obj
d:\desktop\decodestorm-master\decodestorm_cppdll\decodestorm_cppdll\x64\release\colocalization.obj
d:\desktop\decodestorm-master\decodestorm_cppdll\decodestorm_cppdll\x64\release\voronoidiagram.obj
d:\desktop\decodestorm-master\decodestorm_cppdll\decodestorm_cppdll\x64\release\utils.obj
d:\desktop\decodestorm-master\decodestorm_cppdll\decodestorm_cppdll\x64\release\imprecisionfilter.obj
d:\desktop\decodestorm-master\decodestorm_cppdll\x64\release\decodestorm_cppdll.lib
d:\desktop\decodestorm-master\decodestorm_cppdll\x64\release\decodestorm_cppdll.exp
d:\desktop\decodestorm-master\decodestorm_cppdll\x64\release\decodestorm_cppdll.dll
d:\desktop\decodestorm-master\decodestorm_cppdll\decodestorm_cppdll\x64\release\decodestorm_cppdll.ipdb
d:\desktop\decodestorm-master\decodestorm_cppdll\decodestorm_cppdll\x64\release\decodestorm_cppdll.iobj
d:\desktop\decodestorm-master\decodestorm_cppdll\x64\release\decodestorm_cppdll.pdb
d:\desktop\decodestorm\decodestorm_cppdll\decodestorm_cppdll\x64\release\colocalization.obj
d:\desktop\decodestorm\decodestorm_cppdll\decodestorm_cppdll\x64\release\commonpara.obj
d:\desktop\decodestorm\decodestorm_cppdll\decodestorm_cppdll\x64\release\containertrans.obj
d:\desktop\decodestorm\decodestorm_cppdll\decodestorm_cppdll\x64\release\cppfilewrapper.obj
d:\desktop\decodestorm\decodestorm_cppdll\decodestorm_cppdll\x64\release\csvtxttrans.obj
d:\desktop\decodestorm\decodestorm_cppdll\decodestorm_cppdll\x64\release\dbscan.obj
d:\desktop\decodestorm\decodestorm_cppdll\decodestorm_cppdll\x64\release\decodestorm_.obj
d:\desktop\decodestorm\decodestorm_cppdll\decodestorm_cppdll\x64\release\dllmain.obj
d:\desktop\decodestorm\decodestorm_cppdll\decodestorm_cppdll\x64\release\driftcorr.obj
d:\desktop\decodestorm\decodestorm_cppdll\decodestorm_cppdll\x64\release\driftcorrection_srimagexcorr.obj
d:\desktop\decodestorm\decodestorm_cppdll\decodestorm_cppdll\x64\release\driftcorrgpu.obj
d:\desktop\decodestorm\decodestorm_cppdll\decodestorm_cppdll\x64\release\duplicatefilter.obj
d:\desktop\decodestorm\decodestorm_cppdll\decodestorm_cppdll\x64\release\getlocandroi.obj
d:\desktop\decodestorm\decodestorm_cppdll\decodestorm_cppdll\x64\release\imprecisionfilter.obj
d:\desktop\decodestorm\decodestorm_cppdll\decodestorm_cppdll\x64\release\kdtree2.obj
d:\desktop\decodestorm\decodestorm_cppdll\decodestorm_cppdll\x64\release\mathcalc.obj
d:\desktop\decodestorm\decodestorm_cppdll\decodestorm_cppdll\x64\release\merging.obj
d:\desktop\decodestorm\decodestorm_cppdll\decodestorm_cppdll\x64\release\noisefilter.obj
d:\desktop\decodestorm\decodestorm_cppdll\decodestorm_cppdll\x64\release\openconsole.obj
d:\desktop\decodestorm\decodestorm_cppdll\decodestorm_cppdll\x64\release\quantcluster.obj
d:\desktop\decodestorm\decodestorm_cppdll\decodestorm_cppdll\x64\release\render.obj
d:\desktop\decodestorm\decodestorm_cppdll\decodestorm_cppdll\x64\release\stdafx.obj
d:\desktop\decodestorm\decodestorm_cppdll\decodestorm_cppdll\x64\release\utils.obj
d:\desktop\decodestorm\decodestorm_cppdll\decodestorm_cppdll\x64\release\voronoidiagram.obj
d:\desktop\decodestorm\decodestorm_cppdll\decodestorm_cppdll\x64\release\decodestorm_cppdll.ipdb
d:\desktop\decodestorm\decodestorm_cppdll\decodestorm_cppdll\x64\release\decodestorm_cppdll.iobj
d:\desktop\decodestorm\decodestorm_cppdll\decodestorm_cppdll\x64\release\decodestorm_cppdll.pch
d:\desktop\decodestorm\decodestorm_cppdll\decodestorm_cppdll\x64\release\vc142.pdb
d:\desktop\decodestorm\decodestorm_cppdll\x64\release\decodestorm_cppdll.pdb
d:\desktop\decodestorm\decodestorm_cppdll\x64\release\decodestorm_cppdll.dll
d:\desktop\decodestorm\decodestorm_cppdll\decodestorm_cppdll\x64\release\decodest.e332c6e1.tlog\cl.command.1.tlog
d:\desktop\decodestorm\decodestorm_cppdll\decodestorm_cppdll\x64\release\decodest.e332c6e1.tlog\cl.read.1.tlog
d:\desktop\decodestorm\decodestorm_cppdll\decodestorm_cppdll\x64\release\decodest.e332c6e1.tlog\cl.write.1.tlog
d:\desktop\decodestorm\decodestorm_cppdll\decodestorm_cppdll\x64\release\decodest.e332c6e1.tlog\decodestorm_cppdll.write.1u.tlog
d:\desktop\decodestorm\decodestorm_cppdll\decodestorm_cppdll\x64\release\decodest.e332c6e1.tlog\link.command.1.tlog
d:\desktop\decodestorm\decodestorm_cppdll\decodestorm_cppdll\x64\release\decodest.e332c6e1.tlog\link.read.1.tlog
d:\desktop\decodestorm\decodestorm_cppdll\decodestorm_cppdll\x64\release\decodest.e332c6e1.tlog\link.write.1.tlog
