d:\desktop\decodestorm\driftcorrgpu_dll\x64\release\driftcorrgpu_dll.pdb
d:\desktop\decodestorm\driftcorrgpu_dll\driftcorrgpu_dll\x64\release\stdafx.obj
x64\release\driftcorrection_srimagexcorr.cu.obj
x64\release\driftcorrection_srimagexcorr_rc.cu.obj
x64\release\driftcorrection_srimagexcorr_top.cu.obj
d:\desktop\decodestorm\driftcorrgpu_dll\x64\release\driftcorrgpu_dll.lib
d:\desktop\decodestorm\driftcorrgpu_dll\driftcorrgpu_dll\x64\release\driftcorrection_srimagexcorr.cu.cache
d:\desktop\decodestorm\driftcorrgpu_dll\driftcorrgpu_dll\x64\release\driftcorrection_srimagexcorr_rc.cu.cache
d:\desktop\decodestorm\driftcorrgpu_dll\driftcorrgpu_dll\x64\release\driftcorrection_srimagexcorr_top.cu.cache
d:\desktop\decodestorm\driftcorrgpu_dll\driftcorrgpu_dll\x64\release\driftcorrection_srimagexcorr.cu.obj
d:\desktop\decodestorm\driftcorrgpu_dll\driftcorrgpu_dll\x64\release\driftcorrection_srimagexcorr_rc.cu.obj
d:\desktop\decodestorm\driftcorrgpu_dll\driftcorrgpu_dll\x64\release\driftcorrection_srimagexcorr_top.cu.obj
d:\desktop\decodestorm\driftcorrgpu_dll\driftcorrgpu_dll\x64\release\driftcorrgpu_dll.tlog\cl.command.1.tlog
d:\desktop\decodestorm\driftcorrgpu_dll\driftcorrgpu_dll\x64\release\driftcorrgpu_dll.tlog\cl.read.1.tlog
d:\desktop\decodestorm\driftcorrgpu_dll\driftcorrgpu_dll\x64\release\driftcorrgpu_dll.tlog\cl.write.1.tlog
d:\desktop\decodestorm\driftcorrgpu_dll\driftcorrgpu_dll\x64\release\driftcorrgpu_dll.tlog\cudacompile.read.1u.tlog
d:\desktop\decodestorm\driftcorrgpu_dll\driftcorrgpu_dll\x64\release\driftcorrgpu_dll.tlog\cudacompile.write.1u.tlog
d:\desktop\decodestorm\driftcorrgpu_dll\driftcorrgpu_dll\x64\release\driftcorrgpu_dll.tlog\lib-link.read.1.tlog
d:\desktop\decodestorm\driftcorrgpu_dll\driftcorrgpu_dll\x64\release\driftcorrgpu_dll.tlog\lib-link.write.1.tlog
d:\desktop\decodestorm\driftcorrgpu_dll\driftcorrgpu_dll\x64\release\driftcorrgpu_dll.tlog\lib.command.1.tlog
