  Compiling CUDA source file DriftCorrection_SRImageXCorr_rc.cu...
  Compiling CUDA source file DriftCorrection_SRImageXCorr_top.cu...
  Compiling CUDA source file DriftCorrection_SRImageXCorr.cu...
  
  
  D:\Desktop\DriftCorrGPU_dll\DriftCorrGPU_dll>"C:\Program Files\NVIDIA GPU Computing Toolkit\CUDA\v11.0\bin\nvcc.exe" -gencode=arch=compute_52,code=\"sm_52,compute_52\" --use-local-env -ccbin "C:\Program Files (x86)\Microsoft Visual Studio\2019\Community\VC\Tools\MSVC\14.29.30133\bin\HostX86\x64" -x cu   -I"C:\Program Files\NVIDIA GPU Computing Toolkit\CUDA\v11.0\include" -I"D:\Program Files\vcpkg\installed\\x64-windows\include" -I"C:\Program Files\NVIDIA GPU Computing Toolkit\CUDA\v11.0\include"  -G   --keep-dir x64\Debug -maxrregcount=0  --machine 64 --compile -cudart static  -g   -DWIN32 -DNDEBUG -D_LIB -D_CRT_SECURE_NO_WARNINGS -D_MBCS -Xcompiler "/EHsc /W3 /nologo /Od /Fdx64\Debug\vc142.pdb /FS /Zi /RTC1 /MDd " -o x64\Debug\DriftCorrection_SRImageXCorr_top.cu.obj "D:\Desktop\DriftCorrGPU_dll\DriftCorrGPU_dll\DriftCorrection_SRImageXCorr_top.cu" 
  D:\Desktop\DriftCorrGPU_dll\DriftCorrGPU_dll>"C:\Program Files\NVIDIA GPU Computing Toolkit\CUDA\v11.0\bin\nvcc.exe" -gencode=arch=compute_52,code=\"sm_52,compute_52\" --use-local-env -ccbin "C:\Program Files (x86)\Microsoft Visual Studio\2019\Community\VC\Tools\MSVC\14.29.30133\bin\HostX86\x64" -x cu   -I"C:\Program Files\NVIDIA GPU Computing Toolkit\CUDA\v11.0\include" -I"D:\Program Files\vcpkg\installed\\x64-windows\include" -I"C:\Program Files\NVIDIA GPU Computing Toolkit\CUDA\v11.0\include"  -G   --keep-dir x64\Debug -maxrregcount=0  --machine 64 --compile -cudart static  -g   -DWIN32 -DNDEBUG -D_LIB -D_CRT_SECURE_NO_WARNINGS -D_MBCS -Xcompiler "/EHsc /W3 /nologo /Od /Fdx64\Debug\vc142.pdb /FS /Zi /RTC1 /MDd " -o x64\Debug\DriftCorrection_SRImageXCorr_rc.cu.obj "D:\Desktop\DriftCorrGPU_dll\DriftCorrGPU_dll\DriftCorrection_SRImageXCorr_rc.cu" 
  
  D:\Desktop\DriftCorrGPU_dll\DriftCorrGPU_dll>"C:\Program Files\NVIDIA GPU Computing Toolkit\CUDA\v11.0\bin\nvcc.exe" -gencode=arch=compute_52,code=\"sm_52,compute_52\" --use-local-env -ccbin "C:\Program Files (x86)\Microsoft Visual Studio\2019\Community\VC\Tools\MSVC\14.29.30133\bin\HostX86\x64" -x cu   -I"C:\Program Files\NVIDIA GPU Computing Toolkit\CUDA\v11.0\include" -I"D:\Program Files\vcpkg\installed\\x64-windows\include" -I"C:\Program Files\NVIDIA GPU Computing Toolkit\CUDA\v11.0\include"  -G   --keep-dir x64\Debug -maxrregcount=0  --machine 64 --compile -cudart static  -g   -DWIN32 -DNDEBUG -D_LIB -D_CRT_SECURE_NO_WARNINGS -D_MBCS -Xcompiler "/EHsc /W3 /nologo /Od /Fdx64\Debug\vc142.pdb /FS /Zi /RTC1 /MDd " -o x64\Debug\DriftCorrection_SRImageXCorr.cu.obj "D:\Desktop\DriftCorrGPU_dll\DriftCorrGPU_dll\DriftCorrection_SRImageXCorr.cu" 
D:/Desktop/DriftCorrGPU_dll/DriftCorrGPU_dll/DriftCorrection_SRImageXCorr_rc.cu(27): warning : variable "TotalFrame" is used before its value is set
  
D:/Desktop/DriftCorrGPU_dll/DriftCorrGPU_dll/DriftCorrection_SRImageXCorr_rc.cu(30): warning : variable "CurPos" was declared but never referenced
  
D:/Desktop/DriftCorrGPU_dll/DriftCorrGPU_dll/DriftCorrection_SRImageXCorr.cu(223): warning : variable "HistPos" was declared but never referenced
  
D:/Desktop/DriftCorrGPU_dll/DriftCorrGPU_dll/DriftCorrection_SRImageXCorr.cu(224): warning : variable "rcnt" was declared but never referenced
  
D:/Desktop/DriftCorrGPU_dll/DriftCorrGPU_dll/DriftCorrection_SRImageXCorr.cu(225): warning : variable "Offset" was declared but never referenced
  
D:/Desktop/DriftCorrGPU_dll/DriftCorrGPU_dll/DriftCorrection_SRImageXCorr_rc.cu(27): warning : variable "TotalFrame" is used before its value is set
  
  DriftCorrection_SRImageXCorr_top.cu
  DriftCorrection_SRImageXCorr_rc.cu
  DriftCorrection_SRImageXCorr.cu
D:/Desktop/DriftCorrGPU_dll/DriftCorrGPU_dll/DriftCorrection_SRImageXCorr_top.cu(271): warning C4244: “+=”: 从“double”转换到“float”，可能丢失数据
D:/Desktop/DriftCorrGPU_dll/DriftCorrGPU_dll/DriftCorrection_SRImageXCorr_top.cu(272): warning C4244: “+=”: 从“double”转换到“float”，可能丢失数据
D:/Desktop/DriftCorrGPU_dll/DriftCorrGPU_dll/DriftCorrection_SRImageXCorr_rc.cu(51): warning C4244: “=”: 从“int”转换到“float”，可能丢失数据
D:/Desktop/DriftCorrGPU_dll/DriftCorrGPU_dll/DriftCorrection_SRImageXCorr_rc.cu(57): warning C4244: “=”: 从“int”转换到“float”，可能丢失数据
D:/Desktop/DriftCorrGPU_dll/DriftCorrGPU_dll/DriftCorrection_SRImageXCorr_rc.cu(65): warning C4244: “=”: 从“float”转换到“int”，可能丢失数据
D:/Desktop/DriftCorrGPU_dll/DriftCorrGPU_dll/DriftCorrection_SRImageXCorr_rc.cu(91): warning C4267: “初始化”: 从“size_t”转换到“int”，可能丢失数据
D:/Desktop/DriftCorrGPU_dll/DriftCorrGPU_dll/DriftCorrection_SRImageXCorr_rc.cu(245): warning C4267: “初始化”: 从“size_t”转换到“int”，可能丢失数据
D:/Desktop/DriftCorrGPU_dll/DriftCorrGPU_dll/DriftCorrection_SRImageXCorr_rc.cu(274): warning C4244: “=”: 从“float”转换到“int”，可能丢失数据
D:/Desktop/DriftCorrGPU_dll/DriftCorrGPU_dll/DriftCorrection_SRImageXCorr_rc.cu(371): warning C4267: “初始化”: 从“size_t”转换到“int”，可能丢失数据
D:/Desktop/DriftCorrGPU_dll/DriftCorrGPU_dll/DriftCorrection_SRImageXCorr_rc.cu(388): warning C4244: “=”: 从“float”转换到“int”，可能丢失数据
D:/Desktop/DriftCorrGPU_dll/DriftCorrGPU_dll/DriftCorrection_SRImageXCorr_rc.cu(417): warning C4267: “初始化”: 从“size_t”转换到“int”，可能丢失数据
D:\Desktop\DriftCorrGPU_dll\DriftCorrGPU_dll\DriftCorrection_SRImageXCorr_rc.cu(27): warning C4700: 使用了未初始化的局部变量“TotalFrame”
  stdafx.cpp
    正在创建库 D:\Desktop\DriftCorrGPU_dll\x64\Debug\DriftCorrGPU_dll.lib 和对象 D:\Desktop\DriftCorrGPU_dll\x64\Debug\DriftCorrGPU_dll.exp
MSVCRTD.lib(exe_main.obj) : error LNK2019: 无法解析的外部符号 main，函数 "int __cdecl invoke_main(void)" (?invoke_main@@YAHXZ) 中引用了该符号
D:\Desktop\DriftCorrGPU_dll\x64\Debug\DriftCorrGPU_dll.exe : fatal error LNK1120: 1 个无法解析的外部命令
